-------------------------------------------------------------------------------
Test set: com.springboot.example.EmployeeManagementApplicationTests
-------------------------------------------------------------------------------
Tests run: 1, Failures: 0, Errors: 1, Skipped: 0, Time elapsed: 0.378 s <<< FAILURE! - in com.springboot.example.EmployeeManagementApplicationTests
com.springboot.example.EmployeeManagementApplicationTests  Time elapsed: 0.372 s  <<< ERROR!
java.lang.IllegalStateException: Unable to find a @SpringBootConfiguration, you need to use @ContextConfiguration or @SpringBootTest(classes=...) with your test

